#
# There is insufficient memory for the Java Runtime Environment to continue.
# Native memory allocation (malloc) failed to allocate 1048576 bytes for AllocateHeap
# Possible reasons:
#   The system is out of physical RAM or swap space
#   The process is running with CompressedOops enabled, and the Java Heap may be blocking the growth of the native heap
# Possible solutions:
#   Reduce memory load on the system
#   Increase physical memory or swap space
#   Check if swap backing store is full
#   Decrease Java heap size (-Xmx/-Xms)
#   Decrease number of Java threads
#   Decrease Java thread stack sizes (-Xss)
#   Set larger code cache with -XX:ReservedCodeCacheSize=
#   JVM is running with Unscaled Compressed Oops mode in which the Java heap is
#     placed in the first 4GB address space. The Java Heap base address is the
#     maximum limit for the native heap growth. Please use -XX:HeapBaseMinAddress
#     to set the Java Heap base and to place the Java Heap above 4GB virtual address.
# This output file may be truncated or incomplete.
#
#  Out of Memory Error (memory/allocation.inline.hpp:61), pid=13000, tid=0x0000000000002a98
#
# JRE version:  (8.0_251-b08) (build )
# Java VM: Java HotSpot(TM) 64-Bit Server VM (25.251-b08 mixed mode windows-amd64 compressed oops)
# Failed to write core dump. Minidumps are not enabled by default on client versions of Windows
#

---------------  T H R E A D  ---------------

Current thread (0x0000000002ca5000):  JavaThread "Unknown thread" [_thread_in_vm, id=10904, stack(0x0000000002aa0000,0x0000000002ba0000)]

Stack: [0x0000000002aa0000,0x0000000002ba0000]
[error occurred during error reporting (printing stack bounds), id 0xc0000005]

Native frames: (J=compiled Java code, j=interpreted, Vv=VM code, C=native code)


---------------  P R O C E S S  ---------------

Java Threads: ( => current thread )

Other Threads:

=>0x0000000002ca5000 (exited) JavaThread "Unknown thread" [_thread_in_vm, id=10904, stack(0x0000000002aa0000,0x0000000002ba0000)]

VM state:not at safepoint (normal execution)

VM Mutex/Monitor currently owned by a thread: None

heap address: 0x0000000082000000, size: 2016 MB, Compressed Oops mode: 32-bit
Narrow klass base: 0x0000000000000000, Narrow klass shift: 3
Compressed class space size: 1073741824 Address: 0x0000000100000000

Heap:
 PSYoungGen      total 37888K, used 655K [0x00000000d6000000, 0x00000000d8a00000, 0x0000000100000000)
  eden space 32768K, 2% used [0x00000000d6000000,0x00000000d60a3d80,0x00000000d8000000)
  from space 5120K, 0% used [0x00000000d8500000,0x00000000d8500000,0x00000000d8a00000)
  to   space 5120K, 0% used [0x00000000d8000000,0x00000000d8000000,0x00000000d8500000)
 ParOldGen       total 86016K, used 0K [0x0000000082000000, 0x0000000087400000, 0x00000000d6000000)
  object space 86016K, 0% used [0x0000000082000000,0x0000000082000000,0x0000000087400000)
 Metaspace       used 776K, capacity 4480K, committed 4480K, reserved 1056768K
  class space    used 76K, capacity 384K, committed 384K, reserved 1048576K

Card table byte_map: [0x0000000012160000,0x0000000012560000] byte_map_base: 0x0000000011d50000

Marking Bits: (ParMarkBitMap*) 0x00000000744baf90
 Begin Bits: [0x0000000012e00000, 0x0000000014d80000)
 End Bits:   [0x0000000014d80000, 0x0000000016d00000)

Polling page: 0x0000000000ec0000

CodeCache: size=245760Kb used=328Kb max_used=328Kb free=245431Kb
 bounds [0x0000000002da0000, 0x0000000003010000, 0x0000000011da0000]
 total_blobs=58 nmethods=0 adapters=38
 compilation: enabled

Compilation events (0 events):
No events

GC Heap History (0 events):
No events

Deoptimization events (0 events):
No events

Classes redefined (0 events):
No events

Internal exceptions (0 events):
No events

Events (10 events):
Event: 0.021 loading class java/lang/Short
Event: 0.021 loading class java/lang/Short done
Event: 0.021 loading class java/lang/Integer
Event: 0.021 loading class java/lang/Integer done
Event: 0.021 loading class java/lang/Long
Event: 0.021 loading class java/lang/Long done
Event: 0.021 loading class java/lang/NullPointerException
Event: 0.021 loading class java/lang/NullPointerException done
Event: 0.021 loading class java/lang/ArithmeticException
Event: 0.021 loading class java/lang/ArithmeticException done


Dynamic libraries:
0x00007ff7a8440000 - 0x00007ff7a8477000 	C:\Program Files\Java\jdk1.8.0_251\bin\javaw.exe
0x00007ffb2d1c0000 - 0x00007ffb2d3b0000 	C:\Windows\SYSTEM32\ntdll.dll
0x00007ffb2c010000 - 0x00007ffb2c0c2000 	C:\Windows\System32\KERNEL32.DLL
0x00007ffb2ad90000 - 0x00007ffb2b035000 	C:\Windows\System32\KERNELBASE.dll
0x00007ffb2cc00000 - 0x00007ffb2cca3000 	C:\Windows\System32\ADVAPI32.dll
0x00007ffb2b710000 - 0x00007ffb2b7ae000 	C:\Windows\System32\msvcrt.dll
0x00007ffb2be50000 - 0x00007ffb2bee7000 	C:\Windows\System32\sechost.dll
0x00007ffb2bef0000 - 0x00007ffb2c010000 	C:\Windows\System32\RPCRT4.dll
0x00007ffb2b570000 - 0x00007ffb2b704000 	C:\Windows\System32\USER32.dll
0x00007ffb2b0f0000 - 0x00007ffb2b111000 	C:\Windows\System32\win32u.dll
0x00007ffb2c330000 - 0x00007ffb2c356000 	C:\Windows\System32\GDI32.dll
0x00007ffb2aa70000 - 0x00007ffb2ac06000 	C:\Windows\System32\gdi32full.dll
0x00007ffb2a970000 - 0x00007ffb2aa0e000 	C:\Windows\System32\msvcp_win.dll
0x00007ffb2b120000 - 0x00007ffb2b21a000 	C:\Windows\System32\ucrtbase.dll
0x00007ffb13210000 - 0x00007ffb13494000 	C:\Windows\WinSxS\amd64_microsoft.windows.common-controls_6595b64144ccf1df_6.0.18362.1139_none_9e7bf2d3e4605ac6\COMCTL32.dll
0x00007ffb2ce10000 - 0x00007ffb2d145000 	C:\Windows\System32\combase.dll
0x00007ffb2a150000 - 0x00007ffb2a1d0000 	C:\Windows\System32\bcryptPrimitives.dll
0x00007ffb2d150000 - 0x00007ffb2d17e000 	C:\Windows\System32\IMM32.DLL
0x0000000074560000 - 0x0000000074632000 	C:\Program Files\Java\jdk1.8.0_251\jre\bin\msvcr100.dll
0x0000000073c90000 - 0x000000007453b000 	C:\Program Files\Java\jdk1.8.0_251\jre\bin\server\jvm.dll
0x00007ffb2bdc0000 - 0x00007ffb2bdc8000 	C:\Windows\System32\PSAPI.DLL
0x00007ffb280a0000 - 0x00007ffb280c4000 	C:\Windows\SYSTEM32\WINMM.dll
0x00007ffb28070000 - 0x00007ffb2809d000 	C:\Windows\SYSTEM32\WINMMBASE.dll
0x00007ffb2b220000 - 0x00007ffb2b26a000 	C:\Windows\System32\cfgmgr32.dll
0x00007ffb254d0000 - 0x00007ffb254da000 	C:\Windows\SYSTEM32\VERSION.dll
0x00007ffb159e0000 - 0x00007ffb159e9000 	C:\Windows\SYSTEM32\WSOCK32.dll
0x00007ffb2ca60000 - 0x00007ffb2cacf000 	C:\Windows\System32\WS2_32.dll
0x00007ffb207b0000 - 0x00007ffb207bf000 	C:\Program Files\Java\jdk1.8.0_251\jre\bin\verify.dll
0x00007ffb10d20000 - 0x00007ffb10d49000 	C:\Program Files\Java\jdk1.8.0_251\jre\bin\java.dll
0x00007ffb14980000 - 0x00007ffb14996000 	C:\Program Files\Java\jdk1.8.0_251\jre\bin\zip.dll

VM Arguments:
jvm_args: -Dfile.encoding=UTF-8 
java_command: codeForZk.scrappy
java_class_path (initial): C:\Users\User\eclipse-workspace\codeForWork\target\classes;C:\Users\User\.m2\repository\org\apache\pdfbox\pdfbox\2.0.21\pdfbox-2.0.21.jar;C:\Users\User\.m2\repository\org\apache\pdfbox\fontbox\2.0.21\fontbox-2.0.21.jar;C:\Users\User\.m2\repository\commons-logging\commons-logging\1.2\commons-logging-1.2.jar;C:\Users\User\.m2\repository\org\apache\commons\commons-lang3\3.11\commons-lang3-3.11.jar;C:\Users\User\.m2\repository\commons-lang\commons-lang\2.4\commons-lang-2.4.jar;C:\Users\User\.m2\repository\org\apache\poi\poi-ooxml\3.9\poi-ooxml-3.9.jar;C:\Users\User\.m2\repository\org\apache\poi\poi-ooxml-schemas\3.9\poi-ooxml-schemas-3.9.jar;C:\Users\User\.m2\repository\org\apache\xmlbeans\xmlbeans\2.3.0\xmlbeans-2.3.0.jar;C:\Users\User\.m2\repository\stax\stax-api\1.0.1\stax-api-1.0.1.jar;C:\Users\User\.m2\repository\dom4j\dom4j\1.6.1\dom4j-1.6.1.jar;C:\Users\User\.m2\repository\xml-apis\xml-apis\1.0.b2\xml-apis-1.0.b2.jar;C:\Users\User\.m2\repository\org\apache\poi\poi\4.1.2\poi-4.1.2.jar;C:\Users\User\.m2\repository\commons-codec\commons-codec\1.13\commons-codec-1.13.jar;C:\Users\User\.m2\repository\org\apache\commons\commons-collections4\4.4\commons-collections4-4.4.jar;C:\Users\User\.m2\repository\org\apache\commons\commons-math3\3.6.1\commons-math3-3.6.1.jar;C:\Users\User\.m2\repository\com\zaxxer\SparseBitSet\1.2\SparseBitSet-1.2.jar;C:\Users\User\.m2\repository\org\seleniumhq\selenium\selenium-java\4.0.0-alpha-6\selenium-java-4.0.0-alpha-6.jar;C:\Users\User\.m2\repository\org\seleniumhq\selenium\selenium-api\4.0.0-alpha-6\selenium-api-4.0.0-alpha-6.jar;C:\Users\User\.m2\repository\org\seleniumhq\selenium\selenium-edge-driver\4.0.0-alpha-6\selenium-edge-driver-4.0.0-alpha-6.jar;C:\Users\User\.m2\repository\org\seleniumhq\selenium\selenium-edgehtml-driver\4.0.0-alpha-6\selenium-edgehtml-driver-4.0.0-alpha-6.jar;C:\Users\User\.m2\repository\org\seleniumhq\selenium\selenium-firefox-driver\4.0.0-alpha-6\selenium-firefox-driver-4.0.0-alpha
Launcher Type: SUN_STANDARD

Environment Variables:
JAVA_HOME=C:\Program Files\Java\jdk1.8.0_251
PATH=C:/Program Files/Java/jdk1.8.0_251/bin/../jre/bin/server;C:/Program Files/Java/jdk1.8.0_251/bin/../jre/bin;C:/Program Files/Java/jdk1.8.0_251/bin/../jre/lib/amd64;C:\Program Files (x86)\Common Files\Oracle\Java\javapath;C:\Windows\system32;C:\Windows;C:\Windows\System32\Wbem;C:\Windows\System32\WindowsPowerShell\v1.0\;C:\Windows\System32\OpenSSH\;C:\Program Files (x86)\Intel\Intel(R) Management Engine Components\DAL;C:\Program Files\Intel\Intel(R) Management Engine Components\DAL;C:\Program Files\Git\cmd;C:\Program Files\Java\jdk1.8.0_251\bin;C:\Program Files\nodejs\;C:\Program Files\python;C:\Program Files\dotnet\;C:\Program Files\Microsoft SQL Server\130\Tools\Binn\;C:\Program Files\Microsoft SQL Server\Client SDK\ODBC\170\Tools\Binn\;C:\Users\User\AppData\Local\Microsoft\WindowsApps;C:\Program Files\apache-maven-3.6.3-bin\apache-maven-3.6.3\bin;C:\Program Files\Java\jdk1.8.0_251\bin;C:\Program Files\Git\mingw64\bin;C:\Users\User\AppData\Local\Programs\Fiddler;C:\Users\User\AppData\Roaming\npm;C:\Users\User\AppData\Local\Programs\Microsoft VS Code\bin;C:\Users\User\.dotnet\tools;C:\MinGW\bin;C:\Program Files\heroku\bin;C:\Users\User\eclipse\jee-2020-03\eclipse;
USERNAME=User
OS=Windows_NT
PROCESSOR_IDENTIFIER=Intel64 Family 6 Model 158 Stepping 10, GenuineIntel



---------------  S Y S T E M  ---------------

OS: Windows 10.0 , 64 bit Build 18362 (10.0.18362.1110)

CPU:total 6 (initial active 6) (6 cores per cpu, 1 threads per core) family 6 model 158 stepping 10, cmov, cx8, fxsr, mmx, sse, sse2, sse3, ssse3, sse4.1, sse4.2, popcnt, avx, avx2, aes, clmul, erms, 3dnowpref, lzcnt, tsc, tscinvbit, bmi1, bmi2, adx

Memory: 4k page, physical 8252452k(863100k free), swap 22710816k(5964k free)

vm_info: Java HotSpot(TM) 64-Bit Server VM (25.251-b08) for windows-amd64 JRE (1.8.0_251-b08), built on Mar 12 2020 06:31:49 by "" with MS VC++ 10.0 (VS2010)

time: Wed Nov 11 12:24:38 2020
timezone: 台北標準時間
elapsed time: 0 seconds (0d 0h 0m 0s)

